[308月2024 20:57:27.734] [main/INFO] [cpw.mods.modlauncher.Launcher/MODLAUNCHER]: ModLauncher running: args [--launchTarget, forgeclientuserdev, --version, 20.6.119, --assetIndex, asset-index, --assetsDir, C:\Users\PepperNME\.mcreator\gradle\caches\minecraft\assets\1.20.6, --gameDir, ., --fml.neoForgeVersion, 20.6.119, --fml.fmlVersion, 3.0.45, --fml.mcVersion, 1.20.6, --fml.neoFormVersion, 20240429.153634]
[308月2024 20:57:27.736] [main/INFO] [cpw.mods.modlauncher.Launcher/MODLAUNCHER]: JVM identified as Eclipse Adoptium OpenJDK 64-Bit Server VM 21.0.4+7-LTS
[308月2024 20:57:27.737] [main/INFO] [cpw.mods.modlauncher.Launcher/MODLAUNCHER]: ModLauncher 11.0.2+main.4612c65f starting: java version 21.0.4 by Eclipse Adoptium; OS Windows 10 arch amd64 version 10.0
[308月2024 20:57:27.830] [main/INFO] [net.neoforged.fml.loading.ImmediateWindowHandler/]: Loading ImmediateWindowProvider fmlearlywindow
[308月2024 20:57:27.893] [main/INFO] [EARLYDISPLAY/]: Trying GL version 4.6
[308月2024 20:57:28.007] [main/INFO] [EARLYDISPLAY/]: Requested GL version 4.6 got version 4.6
[308月2024 20:57:28.061] [main/INFO] [mixin/]: SpongePowered MIXIN Subsystem Version=0.8.5 Source=union:/C:/Users/PepperNME/.mcreator/gradle/caches/modules-2/files-2.1/net.fabricmc/sponge-mixin/0.13.4+mixin.0.8.5/8adf0cff1795a169141b9e16ad7b9f6e2527a990/sponge-mixin-0.13.4+mixin.0.8.5.jar%23137!/ Service=ModLauncher Env=CLIENT
[308月2024 20:57:28.197] [main/INFO] [net.neoforged.fml.loading.moddiscovery.ModDiscoverer/SCAN]: Found mod file "neoforge-20.6.119.jar" [locator: neoforge devenv provider ([C:\Amcmodkaifaqu\Primogem-Craft\.gradle\repositories\ng_dummy_ng\net\neoforged\neoforge\20.6.119\neoforge-20.6.119.jar])]
[308月2024 20:57:28.205] [main/INFO] [net.neoforged.fml.loading.moddiscovery.ModDiscoverer/SCAN]: Found mod file "neoforge-20.6.119.jar" [locator: neoforge devenv provider ([C:\Amcmodkaifaqu\Primogem-Craft\.gradle\repositories\ng_dummy_ng\net\neoforged\neoforge\20.6.119\neoforge-20.6.119.jar])]
[308月2024 20:57:28.213] [main/INFO] [net.neoforged.fml.loading.moddiscovery.ModDiscoverer/SCAN]: Found mod file "main" [locator: userdev mods and services, reader: mod manifest]
[308月2024 20:57:28.221] [main/INFO] [net.neoforged.fml.loading.moddiscovery.ModDiscoverer/SCAN]: Found mod file "neoforge-20.6.119.jar" [locator: userdev mods and services, reader: mod manifest]
[308月2024 20:57:28.232] [pool-2-thread-1/INFO] [EARLYDISPLAY/]: GL info: NVIDIA GeForce RTX 4060 Laptop GPU/PCIe/SSE2 GL version 4.6.0 NVIDIA 560.81, NVIDIA Corporation
[308月2024 20:57:28.238] [main/INFO] [net.neoforged.fml.loading.moddiscovery.ModDiscoverer/SCAN]: Found gamelibrary file "mixinextras-neoforge-0.3.5.jar" [locator: userdev mods and services, reader: mod manifest]
[308月2024 20:57:28.346] [main/WARN] [net.neoforged.jarjar.selection.JarSelector/]: Attempted to select a dependency jar for JarJar which was passed in as source: mixinextras-neoforge-0.3.5.jar. Using Mod File: C:\Users\PepperNME\.mcreator\gradle\caches\modules-2\files-2.1\io.github.llamalad7\mixinextras-neoforge\0.3.5\ef3ffcf309dae656517b2f120189b1c9b21737dd\mixinextras-neoforge-0.3.5.jar
[308月2024 20:57:28.346] [main/INFO] [net.neoforged.fml.loading.moddiscovery.locators.JarInJarDependencyLocator/]: No dependencies to load found. Skipping!
[308月2024 20:57:28.453] [main/INFO] [net.neoforged.fml.loading.FMLServiceProvider/CORE]: Loading coremod script-engine for [neoforge]
[308月2024 20:57:29.108] [main/INFO] [cpw.mods.modlauncher.LaunchServiceHandler/MODLAUNCHER]: Launching target 'forgeclientuserdev' with arguments [--version, 20.6.119, --gameDir, ., --assetsDir, C:\Users\PepperNME\.mcreator\gradle\caches\minecraft\assets\1.20.6, --assetIndex, asset-index]
[308月2024 20:57:32.143] [Datafixer Bootstrap/INFO] [com.mojang.datafixers.DataFixerBuilder/]: 225 Datafixer optimizations took 207 milliseconds
[308月2024 20:57:33.444] [main/WARN] [net.minecraft.commands.Commands/]: Ambiguity between arguments [teleport, location] and [teleport, destination] with inputs: [0.1 -0.5 .9, 0 0 0]
[308月2024 20:57:33.445] [main/WARN] [net.minecraft.commands.Commands/]: Ambiguity between arguments [teleport, location] and [teleport, targets] with inputs: [0.1 -0.5 .9, 0 0 0]
[308月2024 20:57:33.447] [main/WARN] [net.minecraft.commands.Commands/]: Ambiguity between arguments [teleport, destination] and [teleport, targets] with inputs: [Player, 0123, @e, dd12be42-52a9-4a91-a8a1-11c01849e498]
[308月2024 20:57:33.447] [main/WARN] [net.minecraft.commands.Commands/]: Ambiguity between arguments [teleport, targets] and [teleport, destination] with inputs: [Player, 0123, dd12be42-52a9-4a91-a8a1-11c01849e498]
[308月2024 20:57:33.448] [main/WARN] [net.minecraft.commands.Commands/]: Ambiguity between arguments [teleport, targets, location] and [teleport, targets, destination] with inputs: [0.1 -0.5 .9, 0 0 0]
[308月2024 20:57:33.529] [Render thread/WARN] [net.minecraft.server.packs.VanillaPackResourcesBuilder/]: Assets URL 'union:/C:/Amcmodkaifaqu/Primogem-Craft/.gradle/repositories/ng_dummy_ng/net/neoforged/neoforge/20.6.119/neoforge-20.6.119.jar%23192!/assets/.mcassetsroot' uses unexpected schema
[308月2024 20:57:33.529] [Render thread/WARN] [net.minecraft.server.packs.VanillaPackResourcesBuilder/]: Assets URL 'union:/C:/Amcmodkaifaqu/Primogem-Craft/.gradle/repositories/ng_dummy_ng/net/neoforged/neoforge/20.6.119/neoforge-20.6.119.jar%23192!/data/.mcassetsroot' uses unexpected schema
[308月2024 20:57:33.551] [Render thread/INFO] [com.mojang.authlib.yggdrasil.YggdrasilAuthenticationService/]: Environment: Environment[sessionHost=https://sessionserver.mojang.com, servicesHost=https://api.minecraftservices.com, name=PROD]
[308月2024 20:57:33.556] [Render thread/INFO] [net.minecraft.client.Minecraft/]: Setting user: Dev
[308月2024 20:57:33.609] [Render thread/INFO] [net.minecraft.client.Minecraft/]: Backend library: LWJGL version 3.3.3+5
[308月2024 20:57:33.738] [modloading-worker-0/INFO] [net.neoforged.neoforge.common.NeoForgeMod/NEOFORGE-MOD]: NeoForge mod loading, version 20.6.119, for MC 1.20.6
[308月2024 20:57:34.829] [Render thread/INFO] [net.neoforged.neoforge.gametest.GameTestHooks/]: Enabled Gametest Namespaces: []
[308月2024 20:57:34.989] [Render thread/INFO] [net.minecraft.server.packs.resources.ReloadableResourceManager/]: Reloading ResourceManager: vanilla, mod_resources, mod/neoforge, mod/primogemcraft
[308月2024 20:57:35.074] [Worker-Main-10/INFO] [net.minecraft.client.gui.font.providers.UnihexProvider/]: Found unifont_all_no_pua-15.1.04.hex, loading
[308月2024 20:57:35.103] [Worker-Main-5/INFO] [net.minecraft.client.gui.font.providers.UnihexProvider/]: Found unifont_jp_patch-15.1.04.hex, loading
[308月2024 20:57:35.263] [Worker-Main-16/WARN] [net.minecraft.client.renderer.texture.SpriteLoader/]: Texture primogemcraft:item/hei_sen_lin_gu_gu_zhong_ with size 18x18 limits mip level from 2 to 1
[308月2024 20:57:35.264] [Worker-Main-16/WARN] [net.minecraft.client.renderer.texture.SpriteLoader/]: Texture primogemcraft:block/shijiansucai with size 52x63 limits mip level from 1 to 0
[308月2024 20:57:35.613] [Worker-Main-15/WARN] [net.minecraft.client.resources.model.ModelBakery/]: Unable to load model: 'minecraft:xd_moladui_01' referenced from: primogemcraft:moladui_02#facing=north: java.io.FileNotFoundException: minecraft:models/xd_moladui_01.json
[308月2024 20:57:35.614] [Worker-Main-15/WARN] [net.minecraft.client.resources.model.ModelBakery/]: Unable to load model: 'minecraft:diaoxiang' referenced from: primogemcraft:sanyueqidiaoxiang_01#facing=north: java.io.FileNotFoundException: minecraft:models/diaoxiang.json
[308月2024 20:57:35.619] [Worker-Main-15/WARN] [net.minecraft.client.resources.model.ModelBakery/]: Unable to load model: 'minecraft:gengdi' referenced from: primogemcraft:xijaieyangengdi#: java.io.FileNotFoundException: minecraft:models/gengdi.json
[308月2024 20:57:36.322] [Render thread/WARN] [net.minecraft.client.sounds.SoundEngine/]: Missing sound for event: minecraft:item.goat_horn.play
[308月2024 20:57:36.322] [Render thread/WARN] [net.minecraft.client.sounds.SoundEngine/]: Missing sound for event: minecraft:entity.goat.screaming.horn_break
[308月2024 20:57:36.344] [Render thread/INFO] [com.mojang.blaze3d.audio.Library/]: OpenAL initialized on device OpenAL Soft on 扬声器 (High Definition Audio Device)
[308月2024 20:57:36.344] [Render thread/INFO] [net.minecraft.client.sounds.SoundEngine/SOUNDS]: Sound engine started
[308月2024 20:57:36.448] [Render thread/INFO] [net.minecraft.client.renderer.texture.TextureAtlas/]: Created: 1024x1024x2 minecraft:textures/atlas/blocks.png-atlas
[308月2024 20:57:36.453] [Render thread/INFO] [net.minecraft.client.renderer.texture.TextureAtlas/]: Created: 256x256x2 minecraft:textures/atlas/signs.png-atlas
[308月2024 20:57:36.453] [Render thread/INFO] [net.minecraft.client.renderer.texture.TextureAtlas/]: Created: 512x512x2 minecraft:textures/atlas/banner_patterns.png-atlas
[308月2024 20:57:36.454] [Render thread/INFO] [net.minecraft.client.renderer.texture.TextureAtlas/]: Created: 512x512x2 minecraft:textures/atlas/shield_patterns.png-atlas
[308月2024 20:57:36.454] [Render thread/INFO] [net.minecraft.client.renderer.texture.TextureAtlas/]: Created: 1024x1024x2 minecraft:textures/atlas/armor_trims.png-atlas
[308月2024 20:57:36.455] [Render thread/INFO] [net.minecraft.client.renderer.texture.TextureAtlas/]: Created: 256x256x2 minecraft:textures/atlas/chest.png-atlas
[308月2024 20:57:36.455] [Render thread/INFO] [net.minecraft.client.renderer.texture.TextureAtlas/]: Created: 128x64x2 minecraft:textures/atlas/decorated_pot.png-atlas
[308月2024 20:57:36.455] [Render thread/INFO] [net.minecraft.client.renderer.texture.TextureAtlas/]: Created: 512x256x2 minecraft:textures/atlas/beds.png-atlas
[308月2024 20:57:36.455] [Render thread/INFO] [net.minecraft.client.renderer.texture.TextureAtlas/]: Created: 512x256x2 minecraft:textures/atlas/shulker_boxes.png-atlas
[308月2024 20:57:36.512] [Render thread/INFO] [net.minecraft.client.renderer.texture.TextureAtlas/]: Created: 512x256x0 minecraft:textures/atlas/particles.png-atlas
[308月2024 20:57:36.512] [Render thread/INFO] [net.minecraft.client.renderer.texture.TextureAtlas/]: Created: 256x256x0 minecraft:textures/atlas/paintings.png-atlas
[308月2024 20:57:36.513] [Render thread/INFO] [net.minecraft.client.renderer.texture.TextureAtlas/]: Created: 256x256x0 minecraft:textures/atlas/mob_effects.png-atlas
[308月2024 20:57:36.513] [Render thread/INFO] [net.minecraft.client.renderer.texture.TextureAtlas/]: Created: 64x64x0 minecraft:textures/atlas/map_decorations.png-atlas
[308月2024 20:57:36.513] [Render thread/INFO] [net.minecraft.client.renderer.texture.TextureAtlas/]: Created: 1024x512x0 minecraft:textures/atlas/gui.png-atlas
[308月2024 20:57:36.531] [Render thread/WARN] [net.minecraft.client.renderer.ShaderInstance/]: Shader rendertype_entity_translucent_emissive could not find sampler named Sampler2 in the specified shader program.
[308月2024 20:57:40.377] [Render thread/ERROR] [net.minecraft.world.item.crafting.RecipeManager/]: Parsing error loading recipe primogemcraft:qysjdcpf_0
com.google.gson.JsonParseException: Item stack with stack size of 2 was larger than maximum: 1
	at MC-BOOTSTRAP/datafixerupper@7.0.14/com.mojang.serialization.DataResult$Error.getOrThrow(DataResult.java:275) ~[datafixerupper-7.0.14.jar%23120!/:?]
	at TRANSFORMER/minecraft@1.20.6/net.minecraft.world.item.crafting.RecipeManager.apply(RecipeManager.java:60) ~[neoforge-20.6.119.jar%23192!/:?]
	at TRANSFORMER/minecraft@1.20.6/net.minecraft.world.item.crafting.RecipeManager.apply(RecipeManager.java:36) ~[neoforge-20.6.119.jar%23192!/:?]
	at TRANSFORMER/minecraft@1.20.6/net.minecraft.server.packs.resources.SimplePreparableReloadListener.lambda$reload$1(SimplePreparableReloadListener.java:19) ~[neoforge-20.6.119.jar%23192!/:?]
	at java.base/java.util.concurrent.CompletableFuture$UniAccept.tryFire(CompletableFuture.java:718) ~[?:?]
	at java.base/java.util.concurrent.CompletableFuture$Completion.run(CompletableFuture.java:482) ~[?:?]
	at TRANSFORMER/minecraft@1.20.6/net.minecraft.server.packs.resources.SimpleReloadInstance.lambda$new$3(SimpleReloadInstance.java:86) ~[neoforge-20.6.119.jar%23192!/:?]
	at TRANSFORMER/minecraft@1.20.6/net.minecraft.util.thread.BlockableEventLoop.doRunTask(BlockableEventLoop.java:148) ~[neoforge-20.6.119.jar%23192!/:?]
	at TRANSFORMER/minecraft@1.20.6/net.minecraft.util.thread.ReentrantBlockableEventLoop.doRunTask(ReentrantBlockableEventLoop.java:24) ~[neoforge-20.6.119.jar%23192!/:?]
	at TRANSFORMER/minecraft@1.20.6/net.minecraft.util.thread.BlockableEventLoop.pollTask(BlockableEventLoop.java:122) ~[neoforge-20.6.119.jar%23192!/:?]
	at TRANSFORMER/minecraft@1.20.6/net.minecraft.util.thread.BlockableEventLoop.managedBlock(BlockableEventLoop.java:132) ~[neoforge-20.6.119.jar%23192!/:?]
	at TRANSFORMER/minecraft@1.20.6/net.minecraft.client.gui.screens.worldselection.WorldOpenFlows.loadWorldDataBlocking(WorldOpenFlows.java:201) ~[neoforge-20.6.119.jar%23192!/:?]
	at TRANSFORMER/minecraft@1.20.6/net.minecraft.client.gui.screens.worldselection.WorldOpenFlows.loadWorldStem(WorldOpenFlows.java:142) ~[neoforge-20.6.119.jar%23192!/:?]
	at TRANSFORMER/minecraft@1.20.6/net.minecraft.client.gui.screens.worldselection.WorldOpenFlows.openWorldLoadLevelStem(WorldOpenFlows.java:345) ~[neoforge-20.6.119.jar%23192!/:?]
	at TRANSFORMER/minecraft@1.20.6/net.minecraft.client.gui.screens.worldselection.WorldOpenFlows.openWorldCheckVersionCompatibility(WorldOpenFlows.java:334) ~[neoforge-20.6.119.jar%23192!/:?]
	at TRANSFORMER/minecraft@1.20.6/net.minecraft.client.gui.screens.worldselection.WorldOpenFlows.openWorldLoadLevelData(WorldOpenFlows.java:296) ~[neoforge-20.6.119.jar%23192!/:?]
	at TRANSFORMER/minecraft@1.20.6/net.minecraft.client.gui.screens.worldselection.WorldOpenFlows.openWorld(WorldOpenFlows.java:261) ~[neoforge-20.6.119.jar%23192!/:?]
	at TRANSFORMER/minecraft@1.20.6/net.minecraft.client.gui.screens.worldselection.WorldSelectionList$WorldListEntry.joinWorld(WorldSelectionList.java:498) ~[neoforge-20.6.119.jar%23192!/:?]
	at TRANSFORMER/minecraft@1.20.6/net.minecraft.client.gui.screens.worldselection.WorldSelectionList$WorldListEntry.mouseClicked(WorldSelectionList.java:481) ~[neoforge-20.6.119.jar%23192!/:?]
	at TRANSFORMER/minecraft@1.20.6/net.minecraft.client.gui.components.AbstractSelectionList.mouseClicked(AbstractSelectionList.java:294) ~[neoforge-20.6.119.jar%23192!/:?]
	at TRANSFORMER/minecraft@1.20.6/net.minecraft.client.gui.components.events.ContainerEventHandler.mouseClicked(ContainerEventHandler.java:40) ~[neoforge-20.6.119.jar%23192!/:?]
	at TRANSFORMER/minecraft@1.20.6/net.minecraft.client.MouseHandler.lambda$onPress$0(MouseHandler.java:93) ~[neoforge-20.6.119.jar%23192!/:?]
	at TRANSFORMER/minecraft@1.20.6/net.minecraft.client.gui.screens.Screen.wrapScreenError(Screen.java:478) ~[neoforge-20.6.119.jar%23192!/:?]
	at TRANSFORMER/minecraft@1.20.6/net.minecraft.client.MouseHandler.onPress(MouseHandler.java:90) ~[neoforge-20.6.119.jar%23192!/:?]
	at TRANSFORMER/minecraft@1.20.6/net.minecraft.client.MouseHandler.lambda$setup$4(MouseHandler.java:193) ~[neoforge-20.6.119.jar%23192!/:?]
	at TRANSFORMER/minecraft@1.20.6/net.minecraft.util.thread.BlockableEventLoop.execute(BlockableEventLoop.java:98) ~[neoforge-20.6.119.jar%23192!/:?]
	at TRANSFORMER/minecraft@1.20.6/net.minecraft.client.MouseHandler.lambda$setup$5(MouseHandler.java:193) ~[neoforge-20.6.119.jar%23192!/:?]
	at MC-BOOTSTRAP/org.lwjgl.glfw@3.3.3+5/org.lwjgl.glfw.GLFWMouseButtonCallbackI.callback(GLFWMouseButtonCallbackI.java:43) ~[lwjgl-glfw-3.3.3.jar%23174!/:build 5]
	at MC-BOOTSTRAP/org.lwjgl@3.3.3+5/org.lwjgl.system.JNI.invokeV(Native Method) ~[lwjgl-3.3.3.jar%23185!/:build 5]
	at MC-BOOTSTRAP/org.lwjgl.glfw@3.3.3+5/org.lwjgl.glfw.GLFW.glfwPollEvents(GLFW.java:3438) ~[lwjgl-glfw-3.3.3.jar%23174!/:build 5]
	at TRANSFORMER/minecraft@1.20.6/com.mojang.blaze3d.systems.RenderSystem.pollEvents(RenderSystem.java:173) ~[neoforge-20.6.119.jar%23192!/:?]
	at TRANSFORMER/minecraft@1.20.6/com.mojang.blaze3d.systems.RenderSystem.flipFrame(RenderSystem.java:182) ~[neoforge-20.6.119.jar%23192!/:?]
	at TRANSFORMER/minecraft@1.20.6/com.mojang.blaze3d.platform.Window.updateDisplay(Window.java:278) ~[neoforge-20.6.119.jar%23192!/:?]
	at TRANSFORMER/minecraft@1.20.6/net.minecraft.client.Minecraft.runTick(Minecraft.java:1279) ~[neoforge-20.6.119.jar%23192!/:?]
	at TRANSFORMER/minecraft@1.20.6/net.minecraft.client.Minecraft.run(Minecraft.java:815) ~[neoforge-20.6.119.jar%23192!/:?]
	at TRANSFORMER/minecraft@1.20.6/net.minecraft.client.main.Main.main(Main.java:244) ~[neoforge-20.6.119.jar%23192!/:?]
	at java.base/jdk.internal.reflect.DirectMethodHandleAccessor.invoke(DirectMethodHandleAccessor.java:103) ~[?:?]
	at java.base/java.lang.reflect.Method.invoke(Method.java:580) ~[?:?]
	at MC-BOOTSTRAP/fml_loader@3.0.45/net.neoforged.fml.loading.targets.CommonLaunchHandler.runTarget(CommonLaunchHandler.java:136) ~[loader-3.0.45.jar%23146!/:3.0]
	at MC-BOOTSTRAP/fml_loader@3.0.45/net.neoforged.fml.loading.targets.CommonLaunchHandler.clientService(CommonLaunchHandler.java:124) ~[loader-3.0.45.jar%23146!/:3.0]
	at MC-BOOTSTRAP/fml_loader@3.0.45/net.neoforged.fml.loading.targets.NeoForgeClientUserdevLaunchHandler.runService(NeoForgeClientUserdevLaunchHandler.java:23) ~[loader-3.0.45.jar%23146!/:3.0]
	at MC-BOOTSTRAP/fml_loader@3.0.45/net.neoforged.fml.loading.targets.CommonLaunchHandler.lambda$launchService$4(CommonLaunchHandler.java:118) ~[loader-3.0.45.jar%23146!/:3.0]
	at MC-BOOTSTRAP/cpw.mods.modlauncher@11.0.2/cpw.mods.modlauncher.LaunchServiceHandlerDecorator.launch(LaunchServiceHandlerDecorator.java:30) [modlauncher-11.0.2.jar%23127!/:?]
	at MC-BOOTSTRAP/cpw.mods.modlauncher@11.0.2/cpw.mods.modlauncher.LaunchServiceHandler.launch(LaunchServiceHandler.java:53) [modlauncher-11.0.2.jar%23127!/:?]
	at MC-BOOTSTRAP/cpw.mods.modlauncher@11.0.2/cpw.mods.modlauncher.LaunchServiceHandler.launch(LaunchServiceHandler.java:71) [modlauncher-11.0.2.jar%23127!/:?]
	at MC-BOOTSTRAP/cpw.mods.modlauncher@11.0.2/cpw.mods.modlauncher.Launcher.run(Launcher.java:103) [modlauncher-11.0.2.jar%23127!/:?]
	at MC-BOOTSTRAP/cpw.mods.modlauncher@11.0.2/cpw.mods.modlauncher.Launcher.main(Launcher.java:74) [modlauncher-11.0.2.jar%23127!/:?]
	at MC-BOOTSTRAP/cpw.mods.modlauncher@11.0.2/cpw.mods.modlauncher.BootstrapLaunchConsumer.accept(BootstrapLaunchConsumer.java:26) [modlauncher-11.0.2.jar%23127!/:?]
	at MC-BOOTSTRAP/cpw.mods.modlauncher@11.0.2/cpw.mods.modlauncher.BootstrapLaunchConsumer.accept(BootstrapLaunchConsumer.java:23) [modlauncher-11.0.2.jar%23127!/:?]
	at cpw.mods.bootstraplauncher@2.0.2/cpw.mods.bootstraplauncher.BootstrapLauncher.run(BootstrapLauncher.java:210) [bootstraplauncher-2.0.2.jar:?]
	at cpw.mods.bootstraplauncher@2.0.2/cpw.mods.bootstraplauncher.BootstrapLauncher.main(BootstrapLauncher.java:69) [bootstraplauncher-2.0.2.jar:?]
[308月2024 20:57:40.385] [Render thread/ERROR] [net.minecraft.world.item.crafting.RecipeManager/]: Parsing error loading recipe primogemcraft:xiantiaoqiangpeifang
com.google.gson.JsonParseException: Map entry 'a' : No key tag in MapLike[{"item":"minecraft:air"}]; Item must not be minecraft:air; Not a json array: {"item":"minecraft:air"}
	at MC-BOOTSTRAP/datafixerupper@7.0.14/com.mojang.serialization.DataResult$Error.getOrThrow(DataResult.java:275) ~[datafixerupper-7.0.14.jar%23120!/:?]
	at TRANSFORMER/minecraft@1.20.6/net.minecraft.world.item.crafting.RecipeManager.apply(RecipeManager.java:60) ~[neoforge-20.6.119.jar%23192!/:?]
	at TRANSFORMER/minecraft@1.20.6/net.minecraft.world.item.crafting.RecipeManager.apply(RecipeManager.java:36) ~[neoforge-20.6.119.jar%23192!/:?]
	at TRANSFORMER/minecraft@1.20.6/net.minecraft.server.packs.resources.SimplePreparableReloadListener.lambda$reload$1(SimplePreparableReloadListener.java:19) ~[neoforge-20.6.119.jar%23192!/:?]
	at java.base/java.util.concurrent.CompletableFuture$UniAccept.tryFire(CompletableFuture.java:718) ~[?:?]
	at java.base/java.util.concurrent.CompletableFuture$Completion.run(CompletableFuture.java:482) ~[?:?]
	at TRANSFORMER/minecraft@1.20.6/net.minecraft.server.packs.resources.SimpleReloadInstance.lambda$new$3(SimpleReloadInstance.java:86) ~[neoforge-20.6.119.jar%23192!/:?]
	at TRANSFORMER/minecraft@1.20.6/net.minecraft.util.thread.BlockableEventLoop.doRunTask(BlockableEventLoop.java:148) ~[neoforge-20.6.119.jar%23192!/:?]
	at TRANSFORMER/minecraft@1.20.6/net.minecraft.util.thread.ReentrantBlockableEventLoop.doRunTask(ReentrantBlockableEventLoop.java:24) ~[neoforge-20.6.119.jar%23192!/:?]
	at TRANSFORMER/minecraft@1.20.6/net.minecraft.util.thread.BlockableEventLoop.pollTask(BlockableEventLoop.java:122) ~[neoforge-20.6.119.jar%23192!/:?]
	at TRANSFORMER/minecraft@1.20.6/net.minecraft.util.thread.BlockableEventLoop.managedBlock(BlockableEventLoop.java:132) ~[neoforge-20.6.119.jar%23192!/:?]
	at TRANSFORMER/minecraft@1.20.6/net.minecraft.client.gui.screens.worldselection.WorldOpenFlows.loadWorldDataBlocking(WorldOpenFlows.java:201) ~[neoforge-20.6.119.jar%23192!/:?]
	at TRANSFORMER/minecraft@1.20.6/net.minecraft.client.gui.screens.worldselection.WorldOpenFlows.loadWorldStem(WorldOpenFlows.java:142) ~[neoforge-20.6.119.jar%23192!/:?]
	at TRANSFORMER/minecraft@1.20.6/net.minecraft.client.gui.screens.worldselection.WorldOpenFlows.openWorldLoadLevelStem(WorldOpenFlows.java:345) ~[neoforge-20.6.119.jar%23192!/:?]
	at TRANSFORMER/minecraft@1.20.6/net.minecraft.client.gui.screens.worldselection.WorldOpenFlows.openWorldCheckVersionCompatibility(WorldOpenFlows.java:334) ~[neoforge-20.6.119.jar%23192!/:?]
	at TRANSFORMER/minecraft@1.20.6/net.minecraft.client.gui.screens.worldselection.WorldOpenFlows.openWorldLoadLevelData(WorldOpenFlows.java:296) ~[neoforge-20.6.119.jar%23192!/:?]
	at TRANSFORMER/minecraft@1.20.6/net.minecraft.client.gui.screens.worldselection.WorldOpenFlows.openWorld(WorldOpenFlows.java:261) ~[neoforge-20.6.119.jar%23192!/:?]
	at TRANSFORMER/minecraft@1.20.6/net.minecraft.client.gui.screens.worldselection.WorldSelectionList$WorldListEntry.joinWorld(WorldSelectionList.java:498) ~[neoforge-20.6.119.jar%23192!/:?]
	at TRANSFORMER/minecraft@1.20.6/net.minecraft.client.gui.screens.worldselection.WorldSelectionList$WorldListEntry.mouseClicked(WorldSelectionList.java:481) ~[neoforge-20.6.119.jar%23192!/:?]
	at TRANSFORMER/minecraft@1.20.6/net.minecraft.client.gui.components.AbstractSelectionList.mouseClicked(AbstractSelectionList.java:294) ~[neoforge-20.6.119.jar%23192!/:?]
	at TRANSFORMER/minecraft@1.20.6/net.minecraft.client.gui.components.events.ContainerEventHandler.mouseClicked(ContainerEventHandler.java:40) ~[neoforge-20.6.119.jar%23192!/:?]
	at TRANSFORMER/minecraft@1.20.6/net.minecraft.client.MouseHandler.lambda$onPress$0(MouseHandler.java:93) ~[neoforge-20.6.119.jar%23192!/:?]
	at TRANSFORMER/minecraft@1.20.6/net.minecraft.client.gui.screens.Screen.wrapScreenError(Screen.java:478) ~[neoforge-20.6.119.jar%23192!/:?]
	at TRANSFORMER/minecraft@1.20.6/net.minecraft.client.MouseHandler.onPress(MouseHandler.java:90) ~[neoforge-20.6.119.jar%23192!/:?]
	at TRANSFORMER/minecraft@1.20.6/net.minecraft.client.MouseHandler.lambda$setup$4(MouseHandler.java:193) ~[neoforge-20.6.119.jar%23192!/:?]
	at TRANSFORMER/minecraft@1.20.6/net.minecraft.util.thread.BlockableEventLoop.execute(BlockableEventLoop.java:98) ~[neoforge-20.6.119.jar%23192!/:?]
	at TRANSFORMER/minecraft@1.20.6/net.minecraft.client.MouseHandler.lambda$setup$5(MouseHandler.java:193) ~[neoforge-20.6.119.jar%23192!/:?]
	at MC-BOOTSTRAP/org.lwjgl.glfw@3.3.3+5/org.lwjgl.glfw.GLFWMouseButtonCallbackI.callback(GLFWMouseButtonCallbackI.java:43) ~[lwjgl-glfw-3.3.3.jar%23174!/:build 5]
	at MC-BOOTSTRAP/org.lwjgl@3.3.3+5/org.lwjgl.system.JNI.invokeV(Native Method) ~[lwjgl-3.3.3.jar%23185!/:build 5]
	at MC-BOOTSTRAP/org.lwjgl.glfw@3.3.3+5/org.lwjgl.glfw.GLFW.glfwPollEvents(GLFW.java:3438) ~[lwjgl-glfw-3.3.3.jar%23174!/:build 5]
	at TRANSFORMER/minecraft@1.20.6/com.mojang.blaze3d.systems.RenderSystem.pollEvents(RenderSystem.java:173) ~[neoforge-20.6.119.jar%23192!/:?]
	at TRANSFORMER/minecraft@1.20.6/com.mojang.blaze3d.systems.RenderSystem.flipFrame(RenderSystem.java:182) ~[neoforge-20.6.119.jar%23192!/:?]
	at TRANSFORMER/minecraft@1.20.6/com.mojang.blaze3d.platform.Window.updateDisplay(Window.java:278) ~[neoforge-20.6.119.jar%23192!/:?]
	at TRANSFORMER/minecraft@1.20.6/net.minecraft.client.Minecraft.runTick(Minecraft.java:1279) ~[neoforge-20.6.119.jar%23192!/:?]
	at TRANSFORMER/minecraft@1.20.6/net.minecraft.client.Minecraft.run(Minecraft.java:815) ~[neoforge-20.6.119.jar%23192!/:?]
	at TRANSFORMER/minecraft@1.20.6/net.minecraft.client.main.Main.main(Main.java:244) ~[neoforge-20.6.119.jar%23192!/:?]
	at java.base/jdk.internal.reflect.DirectMethodHandleAccessor.invoke(DirectMethodHandleAccessor.java:103) ~[?:?]
	at java.base/java.lang.reflect.Method.invoke(Method.java:580) ~[?:?]
	at MC-BOOTSTRAP/fml_loader@3.0.45/net.neoforged.fml.loading.targets.CommonLaunchHandler.runTarget(CommonLaunchHandler.java:136) ~[loader-3.0.45.jar%23146!/:3.0]
	at MC-BOOTSTRAP/fml_loader@3.0.45/net.neoforged.fml.loading.targets.CommonLaunchHandler.clientService(CommonLaunchHandler.java:124) ~[loader-3.0.45.jar%23146!/:3.0]
	at MC-BOOTSTRAP/fml_loader@3.0.45/net.neoforged.fml.loading.targets.NeoForgeClientUserdevLaunchHandler.runService(NeoForgeClientUserdevLaunchHandler.java:23) ~[loader-3.0.45.jar%23146!/:3.0]
	at MC-BOOTSTRAP/fml_loader@3.0.45/net.neoforged.fml.loading.targets.CommonLaunchHandler.lambda$launchService$4(CommonLaunchHandler.java:118) ~[loader-3.0.45.jar%23146!/:3.0]
	at MC-BOOTSTRAP/cpw.mods.modlauncher@11.0.2/cpw.mods.modlauncher.LaunchServiceHandlerDecorator.launch(LaunchServiceHandlerDecorator.java:30) [modlauncher-11.0.2.jar%23127!/:?]
	at MC-BOOTSTRAP/cpw.mods.modlauncher@11.0.2/cpw.mods.modlauncher.LaunchServiceHandler.launch(LaunchServiceHandler.java:53) [modlauncher-11.0.2.jar%23127!/:?]
	at MC-BOOTSTRAP/cpw.mods.modlauncher@11.0.2/cpw.mods.modlauncher.LaunchServiceHandler.launch(LaunchServiceHandler.java:71) [modlauncher-11.0.2.jar%23127!/:?]
	at MC-BOOTSTRAP/cpw.mods.modlauncher@11.0.2/cpw.mods.modlauncher.Launcher.run(Launcher.java:103) [modlauncher-11.0.2.jar%23127!/:?]
	at MC-BOOTSTRAP/cpw.mods.modlauncher@11.0.2/cpw.mods.modlauncher.Launcher.main(Launcher.java:74) [modlauncher-11.0.2.jar%23127!/:?]
	at MC-BOOTSTRAP/cpw.mods.modlauncher@11.0.2/cpw.mods.modlauncher.BootstrapLaunchConsumer.accept(BootstrapLaunchConsumer.java:26) [modlauncher-11.0.2.jar%23127!/:?]
	at MC-BOOTSTRAP/cpw.mods.modlauncher@11.0.2/cpw.mods.modlauncher.BootstrapLaunchConsumer.accept(BootstrapLaunchConsumer.java:23) [modlauncher-11.0.2.jar%23127!/:?]
	at cpw.mods.bootstraplauncher@2.0.2/cpw.mods.bootstraplauncher.BootstrapLauncher.run(BootstrapLauncher.java:210) [bootstraplauncher-2.0.2.jar:?]
	at cpw.mods.bootstraplauncher@2.0.2/cpw.mods.bootstraplauncher.BootstrapLauncher.main(BootstrapLauncher.java:69) [bootstraplauncher-2.0.2.jar:?]
[308月2024 20:57:40.390] [Render thread/ERROR] [net.minecraft.world.item.crafting.RecipeManager/]: Parsing error loading recipe primogemcraft:yinhedaletouhecheng
com.google.gson.JsonParseException: Map entry 'c' : No key tag in MapLike[{"item":"minecraft:air"}]; Item must not be minecraft:air; Not a json array: {"item":"minecraft:air"}
	at MC-BOOTSTRAP/datafixerupper@7.0.14/com.mojang.serialization.DataResult$Error.getOrThrow(DataResult.java:275) ~[datafixerupper-7.0.14.jar%23120!/:?]
	at TRANSFORMER/minecraft@1.20.6/net.minecraft.world.item.crafting.RecipeManager.apply(RecipeManager.java:60) ~[neoforge-20.6.119.jar%23192!/:?]
	at TRANSFORMER/minecraft@1.20.6/net.minecraft.world.item.crafting.RecipeManager.apply(RecipeManager.java:36) ~[neoforge-20.6.119.jar%23192!/:?]
	at TRANSFORMER/minecraft@1.20.6/net.minecraft.server.packs.resources.SimplePreparableReloadListener.lambda$reload$1(SimplePreparableReloadListener.java:19) ~[neoforge-20.6.119.jar%23192!/:?]
	at java.base/java.util.concurrent.CompletableFuture$UniAccept.tryFire(CompletableFuture.java:718) ~[?:?]
	at java.base/java.util.concurrent.CompletableFuture$Completion.run(CompletableFuture.java:482) ~[?:?]
	at TRANSFORMER/minecraft@1.20.6/net.minecraft.server.packs.resources.SimpleReloadInstance.lambda$new$3(SimpleReloadInstance.java:86) ~[neoforge-20.6.119.jar%23192!/:?]
	at TRANSFORMER/minecraft@1.20.6/net.minecraft.util.thread.BlockableEventLoop.doRunTask(BlockableEventLoop.java:148) ~[neoforge-20.6.119.jar%23192!/:?]
	at TRANSFORMER/minecraft@1.20.6/net.minecraft.util.thread.ReentrantBlockableEventLoop.doRunTask(ReentrantBlockableEventLoop.java:24) ~[neoforge-20.6.119.jar%23192!/:?]
	at TRANSFORMER/minecraft@1.20.6/net.minecraft.util.thread.BlockableEventLoop.pollTask(BlockableEventLoop.java:122) ~[neoforge-20.6.119.jar%23192!/:?]
	at TRANSFORMER/minecraft@1.20.6/net.minecraft.util.thread.BlockableEventLoop.managedBlock(BlockableEventLoop.java:132) ~[neoforge-20.6.119.jar%23192!/:?]
	at TRANSFORMER/minecraft@1.20.6/net.minecraft.client.gui.screens.worldselection.WorldOpenFlows.loadWorldDataBlocking(WorldOpenFlows.java:201) ~[neoforge-20.6.119.jar%23192!/:?]
	at TRANSFORMER/minecraft@1.20.6/net.minecraft.client.gui.screens.worldselection.WorldOpenFlows.loadWorldStem(WorldOpenFlows.java:142) ~[neoforge-20.6.119.jar%23192!/:?]
	at TRANSFORMER/minecraft@1.20.6/net.minecraft.client.gui.screens.worldselection.WorldOpenFlows.openWorldLoadLevelStem(WorldOpenFlows.java:345) ~[neoforge-20.6.119.jar%23192!/:?]
	at TRANSFORMER/minecraft@1.20.6/net.minecraft.client.gui.screens.worldselection.WorldOpenFlows.openWorldCheckVersionCompatibility(WorldOpenFlows.java:334) ~[neoforge-20.6.119.jar%23192!/:?]
	at TRANSFORMER/minecraft@1.20.6/net.minecraft.client.gui.screens.worldselection.WorldOpenFlows.openWorldLoadLevelData(WorldOpenFlows.java:296) ~[neoforge-20.6.119.jar%23192!/:?]
	at TRANSFORMER/minecraft@1.20.6/net.minecraft.client.gui.screens.worldselection.WorldOpenFlows.openWorld(WorldOpenFlows.java:261) ~[neoforge-20.6.119.jar%23192!/:?]
	at TRANSFORMER/minecraft@1.20.6/net.minecraft.client.gui.screens.worldselection.WorldSelectionList$WorldListEntry.joinWorld(WorldSelectionList.java:498) ~[neoforge-20.6.119.jar%23192!/:?]
	at TRANSFORMER/minecraft@1.20.6/net.minecraft.client.gui.screens.worldselection.WorldSelectionList$WorldListEntry.mouseClicked(WorldSelectionList.java:481) ~[neoforge-20.6.119.jar%23192!/:?]
	at TRANSFORMER/minecraft@1.20.6/net.minecraft.client.gui.components.AbstractSelectionList.mouseClicked(AbstractSelectionList.java:294) ~[neoforge-20.6.119.jar%23192!/:?]
	at TRANSFORMER/minecraft@1.20.6/net.minecraft.client.gui.components.events.ContainerEventHandler.mouseClicked(ContainerEventHandler.java:40) ~[neoforge-20.6.119.jar%23192!/:?]
	at TRANSFORMER/minecraft@1.20.6/net.minecraft.client.MouseHandler.lambda$onPress$0(MouseHandler.java:93) ~[neoforge-20.6.119.jar%23192!/:?]
	at TRANSFORMER/minecraft@1.20.6/net.minecraft.client.gui.screens.Screen.wrapScreenError(Screen.java:478) ~[neoforge-20.6.119.jar%23192!/:?]
	at TRANSFORMER/minecraft@1.20.6/net.minecraft.client.MouseHandler.onPress(MouseHandler.java:90) ~[neoforge-20.6.119.jar%23192!/:?]
	at TRANSFORMER/minecraft@1.20.6/net.minecraft.client.MouseHandler.lambda$setup$4(MouseHandler.java:193) ~[neoforge-20.6.119.jar%23192!/:?]
	at TRANSFORMER/minecraft@1.20.6/net.minecraft.util.thread.BlockableEventLoop.execute(BlockableEventLoop.java:98) ~[neoforge-20.6.119.jar%23192!/:?]
	at TRANSFORMER/minecraft@1.20.6/net.minecraft.client.MouseHandler.lambda$setup$5(MouseHandler.java:193) ~[neoforge-20.6.119.jar%23192!/:?]
	at MC-BOOTSTRAP/org.lwjgl.glfw@3.3.3+5/org.lwjgl.glfw.GLFWMouseButtonCallbackI.callback(GLFWMouseButtonCallbackI.java:43) ~[lwjgl-glfw-3.3.3.jar%23174!/:build 5]
	at MC-BOOTSTRAP/org.lwjgl@3.3.3+5/org.lwjgl.system.JNI.invokeV(Native Method) ~[lwjgl-3.3.3.jar%23185!/:build 5]
	at MC-BOOTSTRAP/org.lwjgl.glfw@3.3.3+5/org.lwjgl.glfw.GLFW.glfwPollEvents(GLFW.java:3438) ~[lwjgl-glfw-3.3.3.jar%23174!/:build 5]
	at TRANSFORMER/minecraft@1.20.6/com.mojang.blaze3d.systems.RenderSystem.pollEvents(RenderSystem.java:173) ~[neoforge-20.6.119.jar%23192!/:?]
	at TRANSFORMER/minecraft@1.20.6/com.mojang.blaze3d.systems.RenderSystem.flipFrame(RenderSystem.java:182) ~[neoforge-20.6.119.jar%23192!/:?]
	at TRANSFORMER/minecraft@1.20.6/com.mojang.blaze3d.platform.Window.updateDisplay(Window.java:278) ~[neoforge-20.6.119.jar%23192!/:?]
	at TRANSFORMER/minecraft@1.20.6/net.minecraft.client.Minecraft.runTick(Minecraft.java:1279) ~[neoforge-20.6.119.jar%23192!/:?]
	at TRANSFORMER/minecraft@1.20.6/net.minecraft.client.Minecraft.run(Minecraft.java:815) ~[neoforge-20.6.119.jar%23192!/:?]
	at TRANSFORMER/minecraft@1.20.6/net.minecraft.client.main.Main.main(Main.java:244) ~[neoforge-20.6.119.jar%23192!/:?]
	at java.base/jdk.internal.reflect.DirectMethodHandleAccessor.invoke(DirectMethodHandleAccessor.java:103) ~[?:?]
	at java.base/java.lang.reflect.Method.invoke(Method.java:580) ~[?:?]
	at MC-BOOTSTRAP/fml_loader@3.0.45/net.neoforged.fml.loading.targets.CommonLaunchHandler.runTarget(CommonLaunchHandler.java:136) ~[loader-3.0.45.jar%23146!/:3.0]
	at MC-BOOTSTRAP/fml_loader@3.0.45/net.neoforged.fml.loading.targets.CommonLaunchHandler.clientService(CommonLaunchHandler.java:124) ~[loader-3.0.45.jar%23146!/:3.0]
	at MC-BOOTSTRAP/fml_loader@3.0.45/net.neoforged.fml.loading.targets.NeoForgeClientUserdevLaunchHandler.runService(NeoForgeClientUserdevLaunchHandler.java:23) ~[loader-3.0.45.jar%23146!/:3.0]
	at MC-BOOTSTRAP/fml_loader@3.0.45/net.neoforged.fml.loading.targets.CommonLaunchHandler.lambda$launchService$4(CommonLaunchHandler.java:118) ~[loader-3.0.45.jar%23146!/:3.0]
	at MC-BOOTSTRAP/cpw.mods.modlauncher@11.0.2/cpw.mods.modlauncher.LaunchServiceHandlerDecorator.launch(LaunchServiceHandlerDecorator.java:30) [modlauncher-11.0.2.jar%23127!/:?]
	at MC-BOOTSTRAP/cpw.mods.modlauncher@11.0.2/cpw.mods.modlauncher.LaunchServiceHandler.launch(LaunchServiceHandler.java:53) [modlauncher-11.0.2.jar%23127!/:?]
	at MC-BOOTSTRAP/cpw.mods.modlauncher@11.0.2/cpw.mods.modlauncher.LaunchServiceHandler.launch(LaunchServiceHandler.java:71) [modlauncher-11.0.2.jar%23127!/:?]
	at MC-BOOTSTRAP/cpw.mods.modlauncher@11.0.2/cpw.mods.modlauncher.Launcher.run(Launcher.java:103) [modlauncher-11.0.2.jar%23127!/:?]
	at MC-BOOTSTRAP/cpw.mods.modlauncher@11.0.2/cpw.mods.modlauncher.Launcher.main(Launcher.java:74) [modlauncher-11.0.2.jar%23127!/:?]
	at MC-BOOTSTRAP/cpw.mods.modlauncher@11.0.2/cpw.mods.modlauncher.BootstrapLaunchConsumer.accept(BootstrapLaunchConsumer.java:26) [modlauncher-11.0.2.jar%23127!/:?]
	at MC-BOOTSTRAP/cpw.mods.modlauncher@11.0.2/cpw.mods.modlauncher.BootstrapLaunchConsumer.accept(BootstrapLaunchConsumer.java:23) [modlauncher-11.0.2.jar%23127!/:?]
	at cpw.mods.bootstraplauncher@2.0.2/cpw.mods.bootstraplauncher.BootstrapLauncher.run(BootstrapLauncher.java:210) [bootstraplauncher-2.0.2.jar:?]
	at cpw.mods.bootstraplauncher@2.0.2/cpw.mods.bootstraplauncher.BootstrapLauncher.main(BootstrapLauncher.java:69) [bootstraplauncher-2.0.2.jar:?]
[308月2024 20:57:40.401] [Render thread/INFO] [net.minecraft.world.item.crafting.RecipeManager/]: Loaded 1782 recipes
[308月2024 20:57:40.479] [Render thread/INFO] [net.minecraft.advancements.AdvancementTree/]: Loaded 1344 advancements
[308月2024 20:57:40.770] [Server thread/INFO] [net.minecraft.client.server.IntegratedServer/]: Starting integrated minecraft server version 1.20.6
[308月2024 20:57:40.771] [Server thread/INFO] [net.minecraft.server.MinecraftServer/]: Generating keypair
[308月2024 20:57:41.392] [Server thread/INFO] [net.minecraft.server.MinecraftServer/]: Preparing start region for dimension minecraft:overworld
[308月2024 20:57:41.753] [progressListener/INFO] [net.minecraft.server.level.progress.LoggerChunkProgressListener/]: 准备生成区域中：0%
[308月2024 20:57:41.951] [progressListener/INFO] [net.minecraft.server.level.progress.LoggerChunkProgressListener/]: 准备生成区域中：0%
[308月2024 20:57:42.057] [Server thread/INFO] [net.neoforged.neoforge.server.permission.PermissionAPI/]: Successfully initialized permission handler neoforge:default_handler
[308月2024 20:57:42.058] [Server thread/WARN] [net.neoforged.neoforge.common.TagConventionLogWarning/]: 
   Dev warning - Legacy Tags detected. Please migrate your 'forge' namespace tags to the 'c' namespace! See net.neoforged.neoforge.common.Tags.java for all tags.
   NOTE: Many tags have been moved around or renamed. Some new ones were added so please review the new tags.
    And make sure you follow tag conventions for new tags! The convention is `c` with nouns generally being plural and adjectives being singular.
   You can disable this message in NeoForge's common config by setting `logLegacyTagWarnings` to "SILENCED" or see individual tags with "DEV_VERBOSE".

[308月2024 20:57:42.103] [progressListener/INFO] [net.minecraft.server.level.progress.LoggerChunkProgressListener/]: Time elapsed: 700 ms
[308月2024 20:57:42.126] [Server thread/INFO] [net.minecraft.client.server.IntegratedServer/]: Changing view distance to 5, from 10
[308月2024 20:57:42.126] [Server thread/INFO] [net.minecraft.client.server.IntegratedServer/]: Changing simulation distance to 12, from 0
[308月2024 20:57:42.782] [Server thread/INFO] [net.minecraft.server.players.PlayerList/]: Dev[local:E:f5f80a3f] logged in with entity id 69 at (-6.832427241586648, 71.0, -7.305759003127966)
[308月2024 20:57:42.827] [Server thread/INFO] [net.minecraft.server.MinecraftServer/]: Dev加入了游戏
[308月2024 20:57:43.081] [Render thread/INFO] [net.minecraft.advancements.AdvancementTree/]: Loaded 62 advancements
[308月2024 20:57:47.410] [Server thread/INFO] [net.minecraft.client.server.IntegratedServer/]: Saving and pausing game...
[308月2024 20:57:47.427] [Server thread/INFO] [net.minecraft.server.MinecraftServer/]: Saving chunks for level 'ServerLevel[新的世界]'/minecraft:overworld
[308月2024 20:57:47.445] [Server thread/INFO] [net.minecraft.server.MinecraftServer/]: Saving chunks for level 'ServerLevel[新的世界]'/minecraft:the_end
[308月2024 20:57:47.453] [Server thread/INFO] [net.minecraft.server.MinecraftServer/]: Saving chunks for level 'ServerLevel[新的世界]'/minecraft:the_nether
[308月2024 20:57:53.092] [Server thread/INFO] [net.minecraft.server.MinecraftServer/]: [Dev: 已将自己的游戏模式设置为生存模式]
[308月2024 20:57:53.098] [Render thread/INFO] [net.minecraft.client.gui.components.ChatComponent/]: [System] [CHAT] 已将自己的游戏模式设置为生存模式
[308月2024 20:57:56.867] [Render thread/INFO] [net.minecraft.advancements.AdvancementTree/]: Loaded 63 advancements
[308月2024 20:57:59.559] [Server thread/INFO] [net.minecraft.client.server.IntegratedServer/]: Saving and pausing game...
[308月2024 20:57:59.569] [Server thread/INFO] [net.minecraft.server.MinecraftServer/]: Saving chunks for level 'ServerLevel[新的世界]'/minecraft:overworld
[308月2024 20:57:59.583] [Server thread/INFO] [net.minecraft.server.MinecraftServer/]: Saving chunks for level 'ServerLevel[新的世界]'/minecraft:the_end
[308月2024 20:57:59.590] [Server thread/INFO] [net.minecraft.server.MinecraftServer/]: Saving chunks for level 'ServerLevel[新的世界]'/minecraft:the_nether
[308月2024 20:58:03.767] [Server thread/INFO] [net.minecraft.server.network.ServerGamePacketListenerImpl/]: Dev lost connection: 连接中断
[308月2024 20:58:03.768] [Server thread/INFO] [net.minecraft.server.MinecraftServer/]: Dev退出了游戏
[308月2024 20:58:03.776] [Server thread/INFO] [net.minecraft.server.network.ServerCommonPacketListenerImpl/]: Stopping singleplayer server as player logged out
[308月2024 20:58:03.811] [Server thread/INFO] [net.minecraft.server.MinecraftServer/]: Stopping server
[308月2024 20:58:03.812] [Server thread/INFO] [net.minecraft.server.MinecraftServer/]: Saving players
[308月2024 20:58:03.812] [Server thread/INFO] [net.minecraft.server.MinecraftServer/]: Saving worlds
[308月2024 20:58:04.225] [Server thread/INFO] [net.minecraft.server.MinecraftServer/]: Saving chunks for level 'ServerLevel[新的世界]'/minecraft:overworld
[308月2024 20:58:04.268] [Server thread/INFO] [net.minecraft.server.MinecraftServer/]: Saving chunks for level 'ServerLevel[新的世界]'/minecraft:the_end
[308月2024 20:58:04.273] [Server thread/INFO] [net.minecraft.server.MinecraftServer/]: Saving chunks for level 'ServerLevel[新的世界]'/minecraft:the_nether
[308月2024 20:58:04.284] [Server thread/INFO] [net.minecraft.server.MinecraftServer/]: ThreadedAnvilChunkStorage (新的世界 (1)): All chunks are saved
[308月2024 20:58:04.284] [Server thread/INFO] [net.minecraft.server.MinecraftServer/]: ThreadedAnvilChunkStorage (DIM1): All chunks are saved
[308月2024 20:58:04.284] [Server thread/INFO] [net.minecraft.server.MinecraftServer/]: ThreadedAnvilChunkStorage (DIM-1): All chunks are saved
[308月2024 20:58:04.284] [Server thread/INFO] [net.minecraft.server.MinecraftServer/]: ThreadedAnvilChunkStorage: All dimensions are saved
[308月2024 20:58:04.589] [Render thread/INFO] [net.minecraft.client.Minecraft/]: Stopping!
